"FreeRTOS Task Aware Debugger for GDB" version 11.0.0 (201905201323)
(c) 2016-2018 NXP Semiconductors, Inc.
==================================
20:39:14.558 INFO: [TadState] TAD state changed:  NONE -> DEBUG_INIT_0 (RESUMED, USER_REQUEST)
20:39:14.748 INFO: [TadState] TAD state changed:  DEBUG_INIT_0 -> DEBUG_INIT_1 (SUSPENDED, SIGNAL)
20:39:17.37 INFO: [TadState] TAD state changed:  DEBUG_INIT_1 -> DEBUG_SUSPENDED (RESUMED, USER_REQUEST)
20:39:17.209 INFO: [TadState] TAD state changed:  DEBUG_SUSPENDED -> DEBUG_SUSPENDED (SUSPENDED, BREAKPOINT)
20:39:20.566 INFO: [TadState] TAD state changed:  DEBUG_SUSPENDED -> DEBUG_RESUMED (RESUMED, USER_REQUEST)
20:39:23.40 INFO: [TadState] TAD state changed:  DEBUG_RESUMED -> READY (SUSPENDED, SIGNAL)
20:39:23.51 INFO: [Benchmark] Loading data for "Determine FreeRTOS version" has started.
20:39:23.55 ERROR: [VariableReader] Could not read variable expression: "&(FreeRTOSDebugConfig)".
20:39:23.58 ERROR: [VariableReader] Could not read variable expression: "sizeof(struct TaskControlBlock_t)".
20:39:23.113 ERROR: [VariableReader] Could not read variable expression: "&(((struct QueueDefinition *) 0)->pcTail)".
20:39:23.113 INFO: [TadModel] FreeRTOS version has been identified from available FreeRTOS symbols as 10.11.
20:39:23.113 INFO: [Benchmark] Loading data for "Determine FreeRTOS version" took 62 ms.
20:39:23.113 INFO: [Benchmark] Loading data for "Heap Usage" has started.
20:39:23.634 ERROR: [VariableReader] Could not read variable expression: "ulTotalRunTime".
20:39:23.634 ERROR: [TaskFactory] ulTotalRunTime not available
20:39:23.729 ERROR: [VariableReader] Could not read variable expression: "(((struct tskTaskControlBlock *) 0x20000750)->pxEndOfStack)".
20:39:23.729 INFO: [FreeRTOS] FreeRTOS macro "configRECORD_STACK_HIGH_ADDRESS" is disabled.
20:39:23.792 ERROR: [VariableReader] Could not read variable expression: "(((struct tskTaskControlBlock *) 0x20000750)->ulRunTimeCounter)".
20:39:23.792 INFO: [FreeRTOS] FreeRTOS macro "configGENERATE_RUN_TIME_STATS" is disabled.
20:39:25.533 ERROR: [TaskFactory] Could not read pxEndOfStack variable needed for determining correct stack size! 
	Please enable "configRECORD_STACK_HIGH_ADDRESS" macro in FreeRTOSConfig.h.
20:39:25.540 ERROR: [VariableReader] Could not read variable expression: "freeRTOSMemoryScheme".
20:39:25.540 ERROR: [TadFactory] Reading exception during: "readIntVariableSafely(freeRTOSMemoryScheme)"
20:39:25.540 INFO: [HeapFactory] TAD will try to determine heap type (memory scheme) from available variables.
20:39:25.540 INFO: [HeapFactory] Make sure you have correctly defined "configFRTOS_MEMORY_SCHEME" macro in FreeRTOSConfig.h. TAD determines heap type either from MCUXpresso IDE's "FreeRTOSDebugConfig" structure (which uses "configFRTOS_MEMORY_SCHEME" define) or user defined variable "static const uint8_t freeRTOSMemoryScheme = <heap_type_used>;".
20:39:25.540 INFO: [FreeRTOS] FreeRTOS macro "configFRTOS_MEMORY_SCHEME" is disabled.
20:39:25.541 INFO: [HeapFactory] Heap variable ucHeap is equal to "0x20000328".
20:39:25.541 INFO: [HeapFactory] Heap variable xHeapStructSize is equal to "0x00000008".
20:39:25.541 INFO: [HeapFactory] Heap type (memory allocation scheme) has been identified from available heap variables as Heap #4. 
20:39:25.654 INFO: [Benchmark] Loading data for "Heap Usage" took 2541 ms.
20:39:56.23 INFO: [Benchmark] Loading data for "Task List" has started.
20:39:56.23 INFO: [Benchmark] Loaded data for "Task List" from cache.
20:43:15.45 INFO: [TadModel] DSF session ID 22 has started.
20:43:15.48 INFO: [TadModel] DSF session ID 21 has ended.
