"FreeRTOS Task Aware Debugger for GDB" version 11.0.0 (201905201323)
(c) 2016-2018 NXP Semiconductors, Inc.
==================================
20:43:26.821 INFO: [TadState] TAD state changed:  NONE -> DEBUG_INIT_0 (RESUMED, USER_REQUEST)
20:43:27.51 INFO: [TadState] TAD state changed:  DEBUG_INIT_0 -> DEBUG_INIT_1 (SUSPENDED, SIGNAL)
20:43:29.441 INFO: [TadState] TAD state changed:  DEBUG_INIT_1 -> DEBUG_SUSPENDED (RESUMED, USER_REQUEST)
20:43:29.608 INFO: [TadState] TAD state changed:  DEBUG_SUSPENDED -> DEBUG_SUSPENDED (SUSPENDED, BREAKPOINT)
20:43:35.493 INFO: [TadState] TAD state changed:  DEBUG_SUSPENDED -> DEBUG_RESUMED (RESUMED, USER_REQUEST)
20:43:38.361 INFO: [TadState] TAD state changed:  DEBUG_RESUMED -> READY (SUSPENDED, SIGNAL)
20:43:38.373 INFO: [Benchmark] Loading data for "Determine FreeRTOS version" has started.
20:43:38.376 ERROR: [VariableReader] Could not read variable expression: "&(FreeRTOSDebugConfig)".
20:43:38.383 ERROR: [VariableReader] Could not read variable expression: "sizeof(struct TaskControlBlock_t)".
20:43:38.439 ERROR: [VariableReader] Could not read variable expression: "&(((struct QueueDefinition *) 0)->pcTail)".
20:43:38.440 INFO: [TadModel] FreeRTOS version has been identified from available FreeRTOS symbols as 10.11.
20:43:38.440 INFO: [Benchmark] Loading data for "Determine FreeRTOS version" took 67 ms.
20:43:38.440 INFO: [Benchmark] Loading data for "Task List" has started.
20:43:38.968 ERROR: [VariableReader] Could not read variable expression: "ulTotalRunTime".
20:43:38.969 ERROR: [TaskFactory] ulTotalRunTime not available
20:43:39.164 ERROR: [VariableReader] Could not read variable expression: "(((struct tskTaskControlBlock *) 0x20000750)->ulRunTimeCounter)".
20:43:39.164 INFO: [FreeRTOS] FreeRTOS macro "configGENERATE_RUN_TIME_STATS" is disabled.
20:43:40.896 INFO: [Benchmark] Loading data for "Task List" took 2456 ms.
20:45:35.989 INFO: [TadModel] DSF session ID 22 has ended.
