"FreeRTOS Task Aware Debugger for GDB" version 11.0.0 (201905201323)
(c) 2016-2018 NXP Semiconductors, Inc.
==================================
19:38:40.274 INFO: [TadModel] DSF session ID 18 has started.
19:38:47.430 INFO: [TadState] TAD state changed:  DEBUG_STARTED -> DEBUG_INIT_0 (RESUMED, USER_REQUEST)
19:38:47.613 INFO: [TadState] TAD state changed:  DEBUG_INIT_0 -> DEBUG_INIT_1 (SUSPENDED, SIGNAL)
19:38:49.910 INFO: [TadState] TAD state changed:  DEBUG_INIT_1 -> DEBUG_SUSPENDED (RESUMED, USER_REQUEST)
19:38:50.72 INFO: [TadState] TAD state changed:  DEBUG_SUSPENDED -> DEBUG_SUSPENDED (SUSPENDED, BREAKPOINT)
19:39:12.918 INFO: [TadState] TAD state changed:  DEBUG_SUSPENDED -> DEBUG_RESUMED (RESUMED, USER_REQUEST)
19:39:15.616 INFO: [TadState] TAD state changed:  DEBUG_RESUMED -> READY (SUSPENDED, SIGNAL)
19:39:19.735 INFO: [Benchmark] Loading data for "Determine FreeRTOS version" has started.
19:39:19.738 ERROR: [VariableReader] Could not read variable expression: "&(FreeRTOSDebugConfig)".
19:39:19.740 ERROR: [VariableReader] Could not read variable expression: "sizeof(struct TaskControlBlock_t)".
19:39:19.753 ERROR: [VariableReader] Could not read variable expression: "&(((struct QueueDefinition *) 0)->pcTail)".
19:39:19.753 INFO: [TadModel] FreeRTOS version has been identified from available FreeRTOS symbols as 10.11.
19:39:19.753 INFO: [Benchmark] Loading data for "Determine FreeRTOS version" took 18 ms.
19:39:19.753 INFO: [Benchmark] Loading data for "Task List" has started.
19:39:20.243 ERROR: [VariableReader] Could not read variable expression: "ulTotalRunTime".
19:39:20.243 ERROR: [TaskFactory] ulTotalRunTime not available
19:39:20.336 ERROR: [VariableReader] Could not read variable expression: "(((struct tskTaskControlBlock *) 0x20000750)->pxEndOfStack)".
19:39:20.336 INFO: [FreeRTOS] FreeRTOS macro "configRECORD_STACK_HIGH_ADDRESS" is disabled.
19:39:20.397 ERROR: [VariableReader] Could not read variable expression: "(((struct tskTaskControlBlock *) 0x20000750)->ulRunTimeCounter)".
19:39:20.398 INFO: [FreeRTOS] FreeRTOS macro "configGENERATE_RUN_TIME_STATS" is disabled.
19:39:21.717 ERROR: [TaskFactory] Could not read pxEndOfStack variable needed for determining correct stack size! 
	Please enable "configRECORD_STACK_HIGH_ADDRESS" macro in FreeRTOSConfig.h.
19:39:21.717 INFO: [Benchmark] Loading data for "Task List" took 1964 ms.
19:39:42.215 INFO: [Benchmark] Loading data for "Heap Usage" has started.
19:39:42.224 ERROR: [VariableReader] Could not read variable expression: "freeRTOSMemoryScheme".
19:39:42.224 ERROR: [TadFactory] Reading exception during: "readIntVariableSafely(freeRTOSMemoryScheme)"
19:39:42.224 INFO: [HeapFactory] TAD will try to determine heap type (memory scheme) from available variables.
19:39:42.224 INFO: [HeapFactory] Make sure you have correctly defined "configFRTOS_MEMORY_SCHEME" macro in FreeRTOSConfig.h. TAD determines heap type either from MCUXpresso IDE's "FreeRTOSDebugConfig" structure (which uses "configFRTOS_MEMORY_SCHEME" define) or user defined variable "static const uint8_t freeRTOSMemoryScheme = <heap_type_used>;".
19:39:42.224 INFO: [FreeRTOS] FreeRTOS macro "configFRTOS_MEMORY_SCHEME" is disabled.
19:39:42.225 INFO: [HeapFactory] Heap variable ucHeap is equal to "0x20000328".
19:39:42.225 INFO: [HeapFactory] Heap variable xHeapStructSize is equal to "0x00000008".
19:39:42.225 INFO: [HeapFactory] Heap type (memory allocation scheme) has been identified from available heap variables as Heap #4. 
19:39:42.342 INFO: [Benchmark] Loading data for "Heap Usage" took 127 ms.
19:39:56.750 INFO: [Benchmark] Loading data for "Timer List" has started.
19:39:56.845 INFO: [Benchmark] Loading data for "Timer List" took 95 ms.
19:39:58.596 INFO: [Benchmark] Loading data for "Heap Usage" has started.
19:39:58.596 INFO: [Benchmark] Loaded data for "Heap Usage" from cache.
19:39:59.564 INFO: [Benchmark] Loading data for "Timer List" has started.
19:39:59.564 INFO: [Benchmark] Loaded data for "Timer List" from cache.
19:40:02.579 INFO: [Benchmark] Loading data for "Heap Usage" has started.
19:40:02.579 INFO: [Benchmark] Loaded data for "Heap Usage" from cache.
19:40:03.285 INFO: [Benchmark] Loading data for "Task List" has started.
19:40:03.286 INFO: [Benchmark] Loaded data for "Task List" from cache.
19:40:07.894 INFO: [Benchmark] Loading data for "Task List" has started.
19:40:07.894 INFO: [Benchmark] Loaded data for "Task List" from cache.
19:40:14.57 INFO: [TadState] TAD state changed:  READY -> DEBUG_RESUMED (RESUMED, USER_REQUEST)
19:40:20.117 INFO: [TadState] TAD state changed:  DEBUG_RESUMED -> READY (SUSPENDED, SIGNAL)
19:40:20.119 INFO: [Benchmark] Loading data for "Task List" has started.
19:40:22.221 ERROR: [TaskFactory] Could not read pxEndOfStack variable needed for determining correct stack size! 
	Please enable "configRECORD_STACK_HIGH_ADDRESS" macro in FreeRTOSConfig.h.
19:40:22.221 INFO: [Benchmark] Loading data for "Task List" took 2102 ms.
20:09:09.853 INFO: [TadModel] DSF session ID 18 has ended.
