"FreeRTOS Task Aware Debugger for GDB" version 11.0.0 (201905201323)
(c) 2016-2018 NXP Semiconductors, Inc.
==================================
20:34:47.366 INFO: [TadModel] DSF session ID 19 has started.
20:35:00.315 INFO: [TadState] TAD state changed:  DEBUG_STARTED -> DEBUG_INIT_0 (RESUMED, USER_REQUEST)
20:35:00.418 INFO: [TadState] TAD state changed:  DEBUG_INIT_0 -> DEBUG_INIT_1 (SUSPENDED, SIGNAL)
20:35:03.341 INFO: [TadState] TAD state changed:  DEBUG_INIT_1 -> DEBUG_SUSPENDED (RESUMED, USER_REQUEST)
20:35:03.537 INFO: [TadState] TAD state changed:  DEBUG_SUSPENDED -> DEBUG_SUSPENDED (SUSPENDED, BREAKPOINT)
20:36:11.40 INFO: [TadState] TAD state changed:  DEBUG_SUSPENDED -> DEBUG_RESUMED (RESUMED, USER_REQUEST)
20:36:14.786 INFO: [TadState] TAD state changed:  DEBUG_RESUMED -> READY (SUSPENDED, SIGNAL)
20:36:14.788 INFO: [Benchmark] Loading data for "Determine FreeRTOS version" has started.
20:36:14.796 ERROR: [VariableReader] Could not read variable expression: "&(FreeRTOSDebugConfig)".
20:36:14.800 ERROR: [VariableReader] Could not read variable expression: "sizeof(struct TaskControlBlock_t)".
20:36:14.816 ERROR: [VariableReader] Could not read variable expression: "&(((struct QueueDefinition *) 0)->pcTail)".
20:36:14.816 INFO: [TadModel] FreeRTOS version has been identified from available FreeRTOS symbols as 10.11.
20:36:14.817 INFO: [Benchmark] Loading data for "Determine FreeRTOS version" took 29 ms.
20:36:14.817 INFO: [Benchmark] Loading data for "Task List" has started.
20:36:15.373 ERROR: [VariableReader] Could not read variable expression: "ulTotalRunTime".
20:36:15.373 ERROR: [TaskFactory] ulTotalRunTime not available
20:36:15.482 ERROR: [VariableReader] Could not read variable expression: "(((struct tskTaskControlBlock *) 0x20000750)->pxEndOfStack)".
20:36:15.482 INFO: [FreeRTOS] FreeRTOS macro "configRECORD_STACK_HIGH_ADDRESS" is disabled.
20:36:15.566 ERROR: [VariableReader] Could not read variable expression: "(((struct tskTaskControlBlock *) 0x20000750)->ulRunTimeCounter)".
20:36:15.566 INFO: [FreeRTOS] FreeRTOS macro "configGENERATE_RUN_TIME_STATS" is disabled.
20:36:17.87 ERROR: [TaskFactory] Could not read pxEndOfStack variable needed for determining correct stack size! 
	Please enable "configRECORD_STACK_HIGH_ADDRESS" macro in FreeRTOSConfig.h.
20:36:17.87 INFO: [Benchmark] Loading data for "Task List" took 2270 ms.
20:37:42.325 INFO: [Benchmark] Loading data for "Heap Usage" has started.
20:37:42.345 ERROR: [VariableReader] Could not read variable expression: "freeRTOSMemoryScheme".
20:37:42.345 ERROR: [TadFactory] Reading exception during: "readIntVariableSafely(freeRTOSMemoryScheme)"
20:37:42.345 INFO: [HeapFactory] TAD will try to determine heap type (memory scheme) from available variables.
20:37:42.345 INFO: [HeapFactory] Make sure you have correctly defined "configFRTOS_MEMORY_SCHEME" macro in FreeRTOSConfig.h. TAD determines heap type either from MCUXpresso IDE's "FreeRTOSDebugConfig" structure (which uses "configFRTOS_MEMORY_SCHEME" define) or user defined variable "static const uint8_t freeRTOSMemoryScheme = <heap_type_used>;".
20:37:42.345 INFO: [FreeRTOS] FreeRTOS macro "configFRTOS_MEMORY_SCHEME" is disabled.
20:37:42.351 INFO: [HeapFactory] Heap variable ucHeap is equal to "0x20000328".
20:37:42.351 INFO: [HeapFactory] Heap variable xHeapStructSize is equal to "0x00000008".
20:37:42.352 INFO: [HeapFactory] Heap type (memory allocation scheme) has been identified from available heap variables as Heap #4. 
20:37:42.485 INFO: [Benchmark] Loading data for "Heap Usage" took 160 ms.
20:37:54.575 INFO: [Benchmark] Loading data for "Task List" has started.
20:37:54.576 INFO: [Benchmark] Loaded data for "Task List" from cache.
20:37:55.528 INFO: [Benchmark] Loading data for "Heap Usage" has started.
20:37:55.528 INFO: [Benchmark] Loaded data for "Heap Usage" from cache.
20:38:57.907 INFO: [TadModel] DSF session ID 20 has started.
20:39:02.433 INFO: [TadModel] DSF session ID 21 has started.
20:39:02.437 INFO: [TadModel] DSF session ID 19 has ended.
